2020-07-25 23:08:47,756 [Worker-1: Loading available Gradle versions] INFO  o.e.b.c.i.u.g.PublishedGradleVersions - Gradle version information cache is up-to-date. Trying to read.
2020-07-25 23:09:58,322 [Worker-4: Creating maven-archetype-quickstart] INFO  o.e.m.c.i.p.ProjectConfigurationManager - Collecting project info '/pom.xml' C:\Users\DRetineni\eclipse-workspace\SampleBDDProject\pom.xml
2020-07-25 23:10:01,217 [Worker-4: Creating maven-archetype-quickstart] INFO  o.e.m.c.i.l.LifecycleMappingFactory - Using org.eclipse.m2e.jdt.JarLifecycleMapping lifecycle mapping for MavenProject: SampleBDDProject:SampleBDDProject:0.0.1-SNAPSHOT @ C:\Users\DRetineni\eclipse-workspace\SampleBDDProject\pom.xml.
2020-07-25 23:10:02,087 [Worker-4: Creating maven-archetype-quickstart] INFO  o.e.m.j.i.AbstractJavaProjectConfigurator - Adding source folder /SampleBDDProject/src/main/java
2020-07-25 23:10:02,100 [Worker-4: Creating maven-archetype-quickstart] INFO  o.e.m.j.i.AbstractJavaProjectConfigurator - Adding source folder /SampleBDDProject/src/test/java
2020-07-25 23:10:03,109 [Worker-4: Creating maven-archetype-quickstart] INFO  o.e.m.c.i.p.ProjectConfigurationManager - Imported and configured 1 project(s) in 4 sec
2020-07-25 23:10:03,936 [Worker-5: Building] INFO  o.e.m.c.i.embedder.EclipseLogger - Using 'UTF-8' encoding to copy filtered resources.
2020-07-25 23:10:03,937 [Worker-5: Building] INFO  o.e.m.c.i.embedder.EclipseLogger - skip non existing resourceDirectory C:\Users\DRetineni\eclipse-workspace\SampleBDDProject\src\main\resources
2020-07-25 23:10:03,941 [Worker-5: Building] INFO  o.e.m.c.i.embedder.EclipseLogger - Using 'UTF-8' encoding to copy filtered resources.
2020-07-25 23:10:03,941 [Worker-5: Building] INFO  o.e.m.c.i.embedder.EclipseLogger - skip non existing resourceDirectory C:\Users\DRetineni\eclipse-workspace\SampleBDDProject\src\test\resources
2020-07-25 23:10:13,743 [Worker-2: Building] INFO  o.e.m.c.i.embedder.EclipseLogger - Using 'UTF-8' encoding to copy filtered resources.
2020-07-25 23:10:13,743 [Worker-2: Building] INFO  o.e.m.c.i.embedder.EclipseLogger - skip non existing resourceDirectory C:\Users\DRetineni\eclipse-workspace\SampleBDDProject\src\main\resources
2020-07-25 23:10:13,747 [Worker-2: Building] INFO  o.e.m.c.i.embedder.EclipseLogger - Using 'UTF-8' encoding to copy filtered resources.
2020-07-25 23:10:13,747 [Worker-2: Building] INFO  o.e.m.c.i.embedder.EclipseLogger - skip non existing resourceDirectory C:\Users\DRetineni\eclipse-workspace\SampleBDDProject\src\test\resources
2020-07-25 23:10:20,209 [Worker-2: Building] INFO  o.e.m.c.i.embedder.EclipseLogger - Using 'UTF-8' encoding to copy filtered resources.
2020-07-25 23:10:20,209 [Worker-2: Building] INFO  o.e.m.c.i.embedder.EclipseLogger - skip non existing resourceDirectory C:\Users\DRetineni\eclipse-workspace\SampleBDDProject\src\main\resources
2020-07-25 23:10:20,225 [Worker-2: Building] INFO  o.e.m.c.i.embedder.EclipseLogger - Using 'UTF-8' encoding to copy filtered resources.
2020-07-25 23:10:20,226 [Worker-2: Building] INFO  o.e.m.c.i.embedder.EclipseLogger - skip non existing resourceDirectory C:\Users\DRetineni\eclipse-workspace\SampleBDDProject\src\test\resources
2020-07-25 23:11:35,603 [Worker-0: Building] INFO  o.e.m.c.i.l.LifecycleMappingFactory - Using org.eclipse.m2e.jdt.JarLifecycleMapping lifecycle mapping for MavenProject: SampleBDDProject:SampleBDDProject:0.0.1-SNAPSHOT @ C:\Users\DRetineni\eclipse-workspace\SampleBDDProject\pom.xml.
2020-07-25 23:11:38,316 [Worker-0: Building] INFO  o.e.m.c.i.embedder.EclipseLogger - Using 'UTF-8' encoding to copy filtered resources.
2020-07-25 23:11:38,322 [Worker-0: Building] INFO  o.e.m.c.i.embedder.EclipseLogger - skip non existing resourceDirectory C:\Users\DRetineni\eclipse-workspace\SampleBDDProject\src\main\resources
2020-07-25 23:11:38,329 [Worker-0: Building] INFO  o.e.m.c.i.embedder.EclipseLogger - Using 'UTF-8' encoding to copy filtered resources.
2020-07-25 23:11:38,333 [Worker-0: Building] INFO  o.e.m.c.i.embedder.EclipseLogger - skip non existing resourceDirectory C:\Users\DRetineni\eclipse-workspace\SampleBDDProject\src\test\resources
2020-07-25 23:12:42,868 [Worker-5: Building] INFO  o.e.m.c.i.l.LifecycleMappingFactory - Using org.eclipse.m2e.jdt.JarLifecycleMapping lifecycle mapping for MavenProject: SampleBDDProject:SampleBDDProject:0.0.1-SNAPSHOT @ C:\Users\DRetineni\eclipse-workspace\SampleBDDProject\pom.xml.
2020-07-25 23:12:43,476 [Worker-5: Building] INFO  o.e.m.c.i.embedder.EclipseLogger - Using 'UTF-8' encoding to copy filtered resources.
2020-07-25 23:12:43,481 [Worker-5: Building] INFO  o.e.m.c.i.embedder.EclipseLogger - skip non existing resourceDirectory C:\Users\DRetineni\eclipse-workspace\SampleBDDProject\src\main\resources
2020-07-25 23:12:43,487 [Worker-5: Building] INFO  o.e.m.c.i.embedder.EclipseLogger - Using 'UTF-8' encoding to copy filtered resources.
2020-07-25 23:12:43,487 [Worker-5: Building] INFO  o.e.m.c.i.embedder.EclipseLogger - skip non existing resourceDirectory C:\Users\DRetineni\eclipse-workspace\SampleBDDProject\src\test\resources
2020-07-25 23:12:55,042 [Worker-6: Launching Executing test in C__Users_DRetineni_eclipse-workspace_SampleBDDProject] INFO  o.e.m.i.launch.MavenLaunchDelegate - C:\Users\DRetineni\eclipse-workspace\SampleBDDProject
2020-07-25 23:12:55,043 [Worker-6: Launching Executing test in C__Users_DRetineni_eclipse-workspace_SampleBDDProject] INFO  o.e.m.i.launch.MavenLaunchDelegate -  mvn -B test
2020-07-25 23:12:55,044 [Worker-6: Launching Executing test in C__Users_DRetineni_eclipse-workspace_SampleBDDProject] WARN  o.e.m.i.l.MavenLaunchExtensionsSupport - Unknown or unsupported source locator org.eclipse.jdt.internal.launching.sourcelookup.advanced.AdvancedSourceLookupDirector
2020-07-25 23:13:04,183 [Worker-4: Building] INFO  o.e.m.c.i.embedder.EclipseLogger - Using 'UTF-8' encoding to copy filtered resources.
2020-07-25 23:13:04,193 [Worker-4: Building] INFO  o.e.m.c.i.embedder.EclipseLogger - skip non existing resourceDirectory C:\Users\DRetineni\eclipse-workspace\SampleBDDProject\src\main\resources
2020-07-25 23:13:04,210 [Worker-4: Building] INFO  o.e.m.c.i.embedder.EclipseLogger - Using 'UTF-8' encoding to copy filtered resources.
2020-07-25 23:13:04,219 [Worker-4: Building] INFO  o.e.m.c.i.embedder.EclipseLogger - skip non existing resourceDirectory C:\Users\DRetineni\eclipse-workspace\SampleBDDProject\src\test\resources
2020-07-25 23:13:24,687 [Worker-6: Building] INFO  o.e.m.c.i.embedder.EclipseLogger - Using 'UTF-8' encoding to copy filtered resources.
2020-07-25 23:13:24,810 [Worker-6: Building] INFO  o.e.m.c.i.embedder.EclipseLogger - skip non existing resourceDirectory C:\Users\DRetineni\eclipse-workspace\SampleBDDProject\src\main\resources
2020-07-25 23:13:24,831 [Worker-6: Building] INFO  o.e.m.c.i.embedder.EclipseLogger - Using 'UTF-8' encoding to copy filtered resources.
2020-07-25 23:13:24,836 [Worker-6: Building] INFO  o.e.m.c.i.embedder.EclipseLogger - skip non existing resourceDirectory C:\Users\DRetineni\eclipse-workspace\SampleBDDProject\src\test\resources
2020-07-25 23:14:01,883 [Worker-7: Building] INFO  o.e.m.c.i.embedder.EclipseLogger - Using 'UTF-8' encoding to copy filtered resources.
2020-07-25 23:14:01,898 [Worker-7: Building] INFO  o.e.m.c.i.embedder.EclipseLogger - skip non existing resourceDirectory C:\Users\DRetineni\eclipse-workspace\SampleBDDProject\src\main\resources
2020-07-25 23:14:01,913 [Worker-7: Building] INFO  o.e.m.c.i.embedder.EclipseLogger - Using 'UTF-8' encoding to copy filtered resources.
2020-07-25 23:14:01,918 [Worker-7: Building] INFO  o.e.m.c.i.embedder.EclipseLogger - skip non existing resourceDirectory C:\Users\DRetineni\eclipse-workspace\SampleBDDProject\src\test\resources
